+ ld obj/kern/kernel
+ mk obj/kern/kernel.img
6828 decimal is XXX octal!
Physical memory: 131072K available, base = 640K, extended = 130432K

npages= 32768 npages_basemem = 160 
PGSIZE = 4096
PDX(UVPT) = 3bd UVPT=ef400000
 kern_pgdir = f0254000 PADDR(kern_pgdir) = 254000
npages *sizeof(struct PageInfo)=262144
check_page_free_list() succeeded!
check_page_alloc() succeeded!
check_page() succeeded!
PTSIZE 4194304
UPAGES=ef000000 PADDR(pages)=255000
KSTACKTOP-KSTKSIZE=efff8000 PADDR(bootstack)=116000
KERNBASE=f0000000 0=0
check_kern_pgdir() succeeded!
check_page_free_list() succeeded!
check_page_installed_pgdir() succeeded!
mem_init() success!
**************


SMP: CPU 0 found 1 CPU(s)
enabled interrupts: 1 2 4
FS is running
FS can do I/O
Device 1 presence: 1
2
3
5
7
block cache is good
superblock is good
11
bitmap is good
alloc_block is good
file_open is good
13
17
file_get_block is good
file_flush is good
file_truncate is good
19
23
file rewrite is good
29
31
37
41
43
47
53
59
61
67
71
73
79
83
89
97
101
103
107
109
113
127
131
137
139
149
151
157
163
167
173
179
181
191
193
197
199
211
223
227
229
233
239
241
251
257
263
269
271
277
281
283
293
307
311
313
317
331
337
347
349
353
359
367
373
379
383
389
397
401
409
419
421
431
433
439
443
449
457
461
463
467
479
487
491
499
503
509
521
523
541
547
557
563
569
571
577
587
593
599
601
607
613
617
619
631
641
643
647
653
659
661
673
677
683
691
701
709
719
727
733
739
743
751
757
761
769
773
787
797
809
811
821
823
827
829
839
853
857
859
863
877
881
883
887
907
911
919
929
937
941
947
953
967
971
977
983
991
997
1009
qemu: terminating on signal 15 from pid 57853
