+ ld obj/kern/kernel
+ mk obj/kern/kernel.img
6828 decimal is XXX octal!
Physical memory: 131072K available, base = 640K, extended = 130432K

npages= 32768 npages_basemem = 160 
PGSIZE = 4096
PDX(UVPT) = 3bd UVPT=ef400000
 kern_pgdir = f0272000 PADDR(kern_pgdir) = 272000
npages *sizeof(struct PageInfo)=262144
check_page_free_list() succeeded!
check_page_alloc() succeeded!
check_page() succeeded!
PTSIZE 4194304
UPAGES=ef000000 PADDR(pages)=273000
KSTACKTOP-KSTKSIZE=efff8000 PADDR(bootstack)=116000
KERNBASE=f0000000 0=0
check_kern_pgdir() succeeded!
check_page_free_list() succeeded!
check_page_installed_pgdir() succeeded!
mem_init() success!
**************


SMP: CPU 0 found 4 CPU(s)
enabled interrupts: 1 2
SMP: CPU 1 starting
SMP: CPU 2 starting
SMP: CPU 3 starting
[00000000] new env 00001000
[00001000] new env 00001001
status:4
CPU 0: 2 [00001001] new env 00001002
status:4
CPU 0: 3 [00001002] new env 00001003
status:4
CPU 2: 5 [00001003] new env 00001004
status:4
CPU 0: 7 [00001004] new env 00001005
status:4
CPU 0: 11 [00001005] new env 00001006
status:4
CPU 2: 13 [00001006] new env 00001007
status:4
CPU 3: 17 [00001007] new env 00001008
status:4
CPU 0: 19 [00001008] new env 00001009
status:4
CPU 2: 23 [00001009] new env 0000100a
status:4
CPU 1: 29 [0000100a] new env 0000100b
status:4
CPU 1: 31 [0000100b] new env 0000100c
status:4
CPU 0: 37 [0000100c] new env 0000100d
status:4
CPU 2: 41 [0000100d] new env 0000100e
status:4
CPU 0: 43 [0000100e] new env 0000100f
status:4
CPU 2: 47 [0000100f] new env 00001010
status:4
CPU 3: 53 [00001010] new env 00001011
status:4
CPU 1: 59 [00001011] new env 00001012
status:4
CPU 3: 61 [00001012] new env 00001013
status:4
CPU 1: 67 [00001013] new env 00001014
status:4
CPU 0: 71 [00001014] new env 00001015
status:4
CPU 1: 73 [00001015] new env 00001016
status:4
CPU 3: 79 [00001016] new env 00001017
status:4
CPU 3: 83 [00001017] new env 00001018
status:4
CPU 3: 89 [00001018] new env 00001019
status:4
CPU 0: 97 [00001019] new env 0000101a
status:4
CPU 1: 101 [0000101a] new env 0000101b
status:4
CPU 2: 103 [0000101b] new env 0000101c
status:4
CPU 1: 107 [0000101c] new env 0000101d
status:4
CPU 3: 109 [0000101d] new env 0000101e
status:4
CPU 2: 113 [0000101e] new env 0000101f
status:4
CPU 1: 127 [0000101f] new env 00001020
status:4
CPU 2: 131 [00001020] new env 00001021
status:4
CPU 0: 137 [00001021] new env 00001022
status:4
CPU 0: 139 [00001022] new env 00001023
status:4
CPU 2: 149 [00001023] new env 00001024
status:4
CPU 2: 151 [00001024] new env 00001025
status:4
CPU 3: 157 [00001025] new env 00001026
status:4
CPU 0: 163 [00001026] new env 00001027
status:4
CPU 3: 167 [00001027] new env 00001028
status:4
CPU 2: 173 [00001028] new env 00001029
status:4
CPU 3: 179 [00001029] new env 0000102a
status:4
CPU 0: 181 [0000102a] new env 0000102b
status:4
CPU 1: 191 [0000102b] new env 0000102c
status:4
CPU 1: 193 [0000102c] new env 0000102d
status:4
CPU 0: 197 [0000102d] new env 0000102e
status:4
CPU 3: 199 [0000102e] new env 0000102f
status:4
CPU 2: 211 [0000102f] new env 00001030
status:4
CPU 2: 223 [00001030] new env 00001031
status:4
CPU 0: 227 [00001031] new env 00001032
status:4
CPU 3: 229 [00001032] new env 00001033
status:4
CPU 0: 233 [00001033] new env 00001034
status:4
CPU 2: 239 [00001034] new env 00001035
status:4
CPU 3: 241 [00001035] new env 00001036
status:4
CPU 1: 251 [00001036] new env 00001037
status:4
CPU 1: 257 [00001037] new env 00001038
status:4
CPU 1: 263 [00001038] new env 00001039
status:4
CPU 1: 269 [00001039] new env 0000103a
status:4
CPU 1: 271 [0000103a] new env 0000103b
status:4
CPU 3: 277 [0000103b] new env 0000103c
status:4
CPU 0: 281 [0000103c] new env 0000103d
status:4
CPU 3: 283 [0000103d] new env 0000103e
status:4
CPU 2: 293 [0000103e] new env 0000103f
status:4
CPU 0: 307 [0000103f] new env 00001040
status:4
CPU 2: 311 [00001040] new env 00001041
status:4
CPU 0: 313 [00001041] new env 00001042
status:4
CPU 1: 317 [00001042] new env 00001043
status:4
CPU 1: 331 [00001043] new env 00001044
status:4
CPU 3: 337 [00001044] new env 00001045
status:4
CPU 0: 347 [00001045] new env 00001046
status:4
CPU 1: 349 [00001046] new env 00001047
status:4
CPU 3: 353 [00001047] new env 00001048
status:4
CPU 3: 359 [00001048] new env 00001049
status:4
CPU 3: 367 [00001049] new env 0000104a
status:4
CPU 3: 373 [0000104a] new env 0000104b
status:4
CPU 1: 379 [0000104b] new env 0000104c
status:4
CPU 2: 383 [0000104c] new env 0000104d
status:4
CPU 3: 389 [0000104d] new env 0000104e
status:4
CPU 3: 397 [0000104e] new env 0000104f
status:4
CPU 2: 401 [0000104f] new env 00001050
status:4
CPU 3: 409 [00001050] new env 00001051
status:4
CPU 0: 419 [00001051] new env 00001052
status:4
CPU 2: 421 [00001052] new env 00001053
status:4
CPU 3: 431 [00001053] new env 00001054
status:4
CPU 1: 433 [00001054] new env 00001055
status:4
CPU 0: 439 [00001055] new env 00001056
status:4
CPU 3: 443 [00001056] new env 00001057
status:4
CPU 1: 449 [00001057] new env 00001058
status:4
CPU 0: 457 [00001058] new env 00001059
status:4
CPU 3: 461 [00001059] new env 0000105a
status:4
CPU 2: 463 [0000105a] new env 0000105b
status:4
CPU 3: 467 [0000105b] new env 0000105c
status:4
CPU 0: 479 [0000105c] new env 0000105d
status:4
CPU 1: 487 [0000105d] new env 0000105e
status:4
CPU 1: 491 [0000105e] new env 0000105f
status:4
CPU 2: 499 [0000105f] new env 00001060
status:4
CPU 1: 503 [00001060] new env 00001061
status:4
CPU 0: 509 [00001061] new env 00001062
status:4
CPU 3: 521 [00001062] new env 00001063
status:4
CPU 2: 523 [00001063] new env 00001064
status:4
CPU 0: 541 [00001064] new env 00001065
status:4
CPU 1: 547 [00001065] new env 00001066
status:4
CPU 1: 557 [00001066] new env 00001067
status:4
CPU 1: 563 [00001067] new env 00001068
status:4
CPU 3: 569 [00001068] new env 00001069
status:4
CPU 0: 571 [00001069] new env 0000106a
status:4
CPU 1: 577 [0000106a] new env 0000106b
status:4
CPU 2: 587 [0000106b] new env 0000106c
status:4
CPU 1: 593 [0000106c] new env 0000106d
status:4
CPU 3: 599 [0000106d] new env 0000106e
status:4
CPU 0: 601 [0000106e] new env 0000106f
status:4
CPU 0: 607 [0000106f] new env 00001070
status:4
CPU 1: 613 [00001070] new env 00001071
status:4
CPU 1: 617 [00001071] new env 00001072
status:4
CPU 0: 619 [00001072] new env 00001073
status:4
CPU 1: 631 [00001073] new env 00001074
status:4
CPU 0: 641 [00001074] new env 00001075
status:4
CPU 1: 643 [00001075] new env 00001076
status:4
CPU 3: 647 [00001076] new env 00001077
status:4
CPU 0: 653 [00001077] new env 00001078
status:4
CPU 3: 659 [00001078] new env 00001079
status:4
CPU 0: 661 [00001079] new env 0000107a
status:4
CPU 2: 673 [0000107a] new env 0000107b
status:4
CPU 0: 677 [0000107b] new env 0000107c
status:4
CPU 0: 683 [0000107c] new env 0000107d
status:4
CPU 2: 691 [0000107d] new env 0000107e
status:4
CPU 2: 701 [0000107e] new env 0000107f
status:4
CPU 0: 709 [0000107f] new env 00001080
status:4
CPU 0: 719 [00001080] new env 00001081
status:4
CPU 1: 727 [00001081] new env 00001082
status:4
CPU 1: 733 [00001082] new env 00001083
status:4
CPU 3: 739 [00001083] new env 00001084
status:4
CPU 2: 743 [00001084] new env 00001085
status:4
CPU 3: 751 [00001085] new env 00001086
status:4
CPU 2: 757 [00001086] new env 00001087
status:4
CPU 1: 761 [00001087] new env 00001088
status:4
CPU 3: 769 [00001088] new env 00001089
status:4
CPU 0: 773 [00001089] new env 0000108a
status:4
CPU 1: 787 [0000108a] new env 0000108b
status:4
CPU 2: 797 [0000108b] new env 0000108c
status:4
CPU 2: 809 [0000108c] new env 0000108d
status:4
CPU 2: 811 [0000108d] new env 0000108e
status:4
CPU 0: 821 [0000108e] new env 0000108f
status:4
CPU 1: 823 [0000108f] new env 00001090
status:4
CPU 0: 827 [00001090] new env 00001091
status:4
CPU 2: 829 [00001091] new env 00001092
status:4
CPU 3: 839 [00001092] new env 00001093
status:4
CPU 3: 853 [00001093] new env 00001094
status:4
CPU 0: 857 [00001094] new env 00001095
status:4
CPU 2: 859 [00001095] new env 00001096
status:4
CPU 0: 863 [00001096] new env 00001097
status:4
CPU 1: 877 [00001097] new env 00001098
status:4
CPU 2: 881 [00001098] new env 00001099
status:4
CPU 2: 883 [00001099] new env 0000109a
status:4
CPU 1: 887 [0000109a] new env 0000109b
status:4
CPU 3: 907 [0000109b] new env 0000109c
status:4
CPU 1: 911 [0000109c] new env 0000109d
status:4
CPU 0: 919 [0000109d] new env 0000109e
status:4
CPU 2: 929 [0000109e] new env 0000109f
status:4
CPU 0: 937 [0000109f] new env 000010a0
status:4
CPU 3: 941 [000010a0] new env 000010a1
status:4
CPU 2: 947 [000010a1] new env 000010a2
status:4
CPU 3: 953 [000010a2] new env 000010a3
status:4
CPU 1: 967 [000010a3] new env 000010a4
status:4
CPU 3: 971 [000010a4] new env 000010a5
status:4
CPU 1: 977 [000010a5] new env 000010a6
status:4
CPU 0: 983 [000010a6] new env 000010a7
status:4
CPU 2: 991 [000010a7] new env 000010a8
status:4
CPU 0: 997 [000010a8] new env 000010a9
status:4
CPU 3: 1009 [000010a9] new env 000010aa
status:4
CPU 0: 1013 [000010aa] new env 000010ab
status:4
CPU 3: 1019 [000010ab] new env 000010ac
status:4
CPU 2: 1021 [000010ac] new env 000010ad
status:4
CPU 1: 1031 [000010ad] new env 000010ae
status:4
CPU 1: 1033 [000010ae] new env 000010af
status:4
CPU 2: 1039 [000010af] new env 000010b0
status:4
CPU 3: 1049 [000010b0] new env 000010b1
status:4
CPU 3: 1051 [000010b1] new env 000010b2
status:4
CPU 1: 1061 [000010b2] new env 000010b3
status:4
CPU 2: 1063 [000010b3] new env 000010b4
status:4
CPU 1: 1069 [000010b4] new env 000010b5
status:4
CPU 3: 1087 [000010b5] new env 000010b6
status:4
CPU 0: 1091 [000010b6] new env 000010b7
status:4
CPU 3: 1093 [000010b7] new env 000010b8
status:4
CPU 1: 1097 [000010b8] new env 000010b9
status:4
CPU 0: 1103 [000010b9] new env 000010ba
status:4
CPU 1: 1109 [000010ba] new env 000010bb
status:4
CPU 2: 1117 [000010bb] new env 000010bc
status:4
CPU 2: 1123 [000010bc] new env 000010bd
status:4
CPU 2: 1129 [000010bd] new env 000010be
status:4
CPU 2: 1151 [000010be] new env 000010bf
status:4
CPU 2: 1153 [000010bf] new env 000010c0
status:4
CPU 1: 1163 [000010c0] new env 000010c1
status:4
CPU 2: 1171 [000010c1] new env 000010c2
status:4
CPU 2: 1181 [000010c2] new env 000010c3
status:4
CPU 0: 1187 [000010c3] new env 000010c4
status:4
CPU 1: 1193 [000010c4] new env 000010c5
status:4
CPU 0: 1201 [000010c5] new env 000010c6
status:4
CPU 3: 1213 [000010c6] new env 000010c7
status:4
CPU 0: 1217 [000010c7] new env 000010c8
status:4
CPU 1: 1223 [000010c8] new env 000010c9
status:4
CPU 3: 1229 [000010c9] new env 000010ca
status:4
CPU 1: 1231 [000010ca] new env 000010cb
status:4
CPU 1: 1237 [000010cb] new env 000010cc
status:4
CPU 0: 1249 [000010cc] new env 000010cd
status:4
CPU 2: 1259 [000010cd] new env 000010ce
status:4
CPU 0: 1277 [000010ce] new env 000010cf
status:4
CPU 3: 1279 [000010cf] new env 000010d0
status:4
CPU 1: 1283 [000010d0] new env 000010d1
status:4
CPU 2: 1289 [000010d1] new env 000010d2
status:4
CPU 0: 1291 [000010d2] new env 000010d3
status:4
CPU 2: 1297 [000010d3] new env 000010d4
status:4
CPU 3: 1301 [000010d4] new env 000010d5
status:4
CPU 2: 1303 [000010d5] new env 000010d6
status:4
CPU 2: 1307 [000010d6] new env 000010d7
status:4
CPU 1: 1319 [000010d7] new env 000010d8
status:4
CPU 2: 1321 [000010d8] new env 000010d9
status:4
CPU 3: 1327 [000010d9] new env 000010da
status:4
CPU 2: 1361 [000010da] new env 000010db
status:4
CPU 0: 1367 [000010db] new env 000010dc
status:4
CPU 1: 1373 [000010dc] new env 000010dd
status:4
CPU 0: 1381 [000010dd] new env 000010de
status:4
CPU 2: 1399 [000010de] new env 000010df
status:4
CPU 0: 1409 [000010df] new env 000010e0
status:4
CPU 1: 1423 [000010e0] new env 000010e1
status:4
CPU 2: 1427 [000010e1] new env 000010e2
status:4
CPU 1: 1429 [000010e2] new env 000010e3
status:4
CPU 1: 1433 [000010e3] new env 000010e4
status:4
CPU 0: 1439 [000010e4] new env 000010e5
status:4
CPU 2: 1447 [000010e5] new env 000010e6
status:4
CPU 3: 1451 [000010e6] new env 000010e7
status:4
CPU 0: 1453 [000010e7] new env 000010e8
status:4
CPU 1: 1459 [000010e8] new env 000010e9
status:4
CPU 3: 1471 [000010e9] new env 000010ea
status:4
CPU 2: 1481 [000010ea] new env 000010eb
status:4
CPU 1: 1483 [000010eb] new env 000010ec
status:4
CPU 2: 1487 [000010ec] new env 000010ed
status:4
CPU 2: 1489 [000010ed] new env 000010ee
status:4
CPU 2: 1493 [000010ee] new env 000010ef
status:4
CPU 3: 1499 [000010ef] new env 000010f0
status:4
CPU 3: 1511 [000010f0] new env 000010f1
status:4
CPU 0: 1523 [000010f1] new env 000010f2
status:4
CPU 3: 1531 [000010f2] new env 000010f3
status:4
CPU 3: 1543 [000010f3] new env 000010f4
status:4
CPU 2: 1549 [000010f4] new env 000010f5
status:4
CPU 3: 1553 [000010f5] new env 000010f6
status:4
CPU 3: 1559 [000010f6] new env 000010f7
status:4
CPU 2: 1567 [000010f7] new env 000010f8
status:4
CPU 1: 1571 [000010f8] new env 000010f9
status:4
CPU 3: 1579 [000010f9] new env 000010fa
status:4
CPU 2: 1583 [000010fa] new env 000010fb
status:4
CPU 3: 1597 [000010fb] new env 000010fc
status:4
CPU 2: 1601 [000010fc] new env 000010fd
status:4
CPU 2: 1607 [000010fd] new env 000010fe
status:4
CPU 1: 1609 [000010fe] new env 000010ff
status:4
CPU 1: 1613 [000010ff] new env 00001100
status:4
CPU 0: 1619 [00001100] new env 00001101
status:4
CPU 1: 1621 [00001101] new env 00001102
status:4
CPU 1: 1627 [00001102] new env 00001103
status:4
CPU 1: 1637 [00001103] new env 00001104
status:4
CPU 2: 1657 [00001104] new env 00001105
status:4
CPU 3: 1663 [00001105] new env 00001106
status:4
CPU 1: 1667 [00001106] new env 00001107
status:4
CPU 1: 1669 [00001107] new env 00001108
status:4
CPU 1: 1693 [00001108] new env 00001109
status:4
CPU 2: 1697 [00001109] new env 0000110a
status:4
CPU 1: 1699 [0000110a] new env 0000110b
status:4
CPU 1: 1709 [0000110b] new env 0000110c
status:4
CPU 3: 1721 [0000110c] new env 0000110d
status:4
CPU 1: 1723 [0000110d] new env 0000110e
status:4
CPU 0: 1733 [0000110e] new env 0000110f
status:4
CPU 1: 1741 [0000110f] new env 00001110
status:4
CPU 0: 1747 [00001110] new env 00001111
status:4
CPU 2: 1753 [00001111] new env 00001112
status:4
CPU 1: 1759 [00001112] new env 00001113
status:4
CPU 1: 1777 [00001113] new env 00001114
status:4
CPU 0: 1783 [00001114] new env 00001115
status:4
CPU 1: 1787 [00001115] new env 00001116
status:4
CPU 1: 1789 [00001116] new env 00001117
status:4
CPU 0: 1801 [00001117] new env 00001118
status:4
CPU 3: 1811 [00001118] new env 00001119
status:4
CPU 1: 1823 [00001119] new env 0000111a
status:4
CPU 2: 1831 [0000111a] new env 0000111b
status:4
CPU 1: 1847 [0000111b] new env 0000111c
status:4
CPU 0: 1861 [0000111c] new env 0000111d
status:4
CPU 2: 1867 [0000111d] new env 0000111e
status:4
CPU 2: 1871 [0000111e] new env 0000111f
status:4
CPU 0: 1873 [0000111f] new env 00001120
status:4
CPU 0: 1877 [00001120] new env 00001121
qemu: terminating on signal 15 from pid 7846
